\BOOKMARK [0][-]{dummy.1}{\376\377\003\240\003\265\003\301\003\257\003\273\003\267\003\310\003\267}{}% 1
\BOOKMARK [0][-]{dummy.3}{\376\377\000Î\000›\000Î\000¯\000Ï\000ƒ\000Ï\000„\000Î\000±\000\040\000Î\000£\000Ï\000‡\000Î\000·\000Î\000¼\000Î\000¬\000Ï\000„\000Ï\000‰\000Î\000½}{}% 2
\BOOKMARK [0][-]{chapter.5}{\376\377\0001\000\040\003\225\003\271\003\303\003\261\003\263\003\311\003\263\003\267}{}% 3
\BOOKMARK [1][-]{section.6}{\376\377\0001\000.\0001\000\040\003\223\003\265\003\275\003\271\003\272\003\254}{chapter.5}% 4
\BOOKMARK [2][-]{subsection.7}{\376\377\0001\000.\0001\000.\0001\000\040\003\221\003\275\003\254\003\263\003\272\003\267\000\040\003\263\003\271\003\261\000\040\003\300\003\301\003\277\003\303\003\304\003\261\003\303\003\257\003\261\000\040\003\304\003\311\003\275\000\040\003\264\003\265\003\264\003\277\003\274\003\255\003\275\003\311\003\275}{section.6}% 5
\BOOKMARK [2][-]{subsection.8}{\376\377\0001\000.\0001\000.\0002\000\040\003\240\003\261\003\301\003\277\003\307\003\256\000\040\003\261\003\303\003\306\003\254\003\273\003\265\003\271\003\261\003\302}{section.6}% 6
\BOOKMARK [2][-]{subsection.9}{\376\377\0001\000.\0001\000.\0003\000\040\003\241\003\277\003\256\000\040\003\300\003\273\003\267\003\301\003\277\003\306\003\277\003\301\003\271\003\316\003\275}{section.6}% 7
\BOOKMARK [2][-]{subsection.11}{\376\377\0001\000.\0001\000.\0004\000\040\003\224\003\271\003\261\003\304\003\256\003\301\003\267\003\303\003\267\000\040\003\300\003\277\003\271\003\314\003\304\003\267\003\304\003\261\003\302}{section.6}% 8
\BOOKMARK [1][-]{section.12}{\376\377\0001\000.\0002\000\040\003\243\003\272\003\277\003\300\003\314\003\302}{chapter.5}% 9
\BOOKMARK [1][-]{section.13}{\376\377\0001\000.\0003\000\040\003\224\003\277\003\274\003\256\000\040\003\225\003\301\003\263\003\261\003\303\003\257\003\261\003\302}{chapter.5}% 10
\BOOKMARK [1][-]{section.14}{\376\377\0001\000.\0004\000\040\000R\000a\000l\000a\000t\000e\000d\000\040\000W\000o\000r\000k}{chapter.5}% 11
\BOOKMARK [2][-]{subsection.15}{\376\377\0001\000.\0004\000.\0001\000\040\000\040\000B\000l\000o\000c\000k\000c\000h\000a\000i\000n}{section.14}% 12
\BOOKMARK [2][-]{subsection.16}{\376\377\0001\000.\0004\000.\0002\000\040\000C\000l\000o\000u\000d\000\040\000P\000r\000i\000v\000a\000c\000y}{section.14}% 13
\BOOKMARK [0][-]{chapter.17}{\376\377\0002\000\040\003\221\003\275\003\265\003\300\003\254\003\301\003\272\003\265\003\271\003\261\000\040\003\240\003\301\003\277\003\303\003\304\003\261\003\303\003\257\003\261\003\302\000\040\003\304\003\311\003\275\000\040\003\224\003\265\003\264\003\277\003\274\003\255\003\275\003\311\003\275}{}% 14
\BOOKMARK [1][-]{section.18}{\376\377\0002\000.\0001\000\040\003\240\003\261\003\301\003\261\003\264\003\265\003\257\003\263\003\274\003\261\003\304\003\261\000\040\003\261\003\300\003\277\003\272\003\254\003\273\003\305\003\310\003\267\003\302\000\040\003\300\003\273\003\267\003\301\003\277\003\306\003\277\003\301\003\257\003\261\003\302}{chapter.17}% 15
\BOOKMARK [1][-]{section.22}{\376\377\0002\000.\0002\000\040\003\221\003\275\003\265\003\300\003\261\003\301\003\272\003\265\003\257\003\302\000\040\003\300\003\301\003\277\003\303\003\265\003\263\003\263\003\257\003\303\003\265\003\271\003\302\000\040\003\300\003\301\003\277\003\303\003\304\003\261\003\303\003\257\003\261\003\302}{chapter.17}% 16
\BOOKMARK [0][-]{chapter.23}{\376\377\0003\000\040\003\234\003\267\003\307\003\261\003\275\003\271\003\303\003\274\003\277\003\257\000\040\003\263\003\265\003\275\003\257\003\272\003\265\003\305\003\303\003\267\003\302\000\040\003\272\003\261\003\271\000\040\003\277\003\274\003\261\003\264\003\277\003\300\003\277\003\257\003\267\003\303\003\267\003\302}{}% 17
\BOOKMARK [1][-]{section.24}{\376\377\0003\000.\0001\000\040\003\230\003\265\003\274\003\265\003\273\003\265\003\257\003\311\003\303\003\267}{chapter.23}% 18
\BOOKMARK [1][-]{section.26}{\376\377\0003\000.\0002\000\040\000k\000-\003\261\003\275\003\311\003\275\003\305\003\274\003\257\003\261}{chapter.23}% 19
\BOOKMARK [2][-]{subsection.35}{\376\377\0003\000.\0002\000.\0001\000\040\003\225\003\300\003\257\003\304\003\265\003\305\003\276\003\267\000\040\000k\000-\000a\000n\000o\000n\000y\000m\000i\000t\000y}{section.26}% 20
\BOOKMARK [2][-]{subsection.36}{\376\377\0003\000.\0002\000.\0002\000\040\003\225\003\300\003\271\003\270\003\255\003\303\003\265\003\271\003\302\000\040\003\272\003\261\003\304\003\254\000\040\003\304\003\267\003\302\000\040\000k\000-\003\261\003\275\003\311\003\275\003\305\003\274\003\257\003\261\003\302}{section.26}% 21
\BOOKMARK [1][-]{section.37}{\376\377\0003\000.\0003\000\040\000l\000-\003\224\003\271\003\261\003\306\003\277\003\301\003\265\003\304\003\271\003\272\003\314\003\304\003\267\003\304\003\261}{chapter.23}% 22
\BOOKMARK [2][-]{subsection.43}{\376\377\0003\000.\0003\000.\0001\000\040\003\225\003\300\003\257\003\304\003\265\003\305\003\276\003\267\000\040\000l\000-\003\264\003\271\003\261\003\306\003\277\003\301\003\265\003\304\003\271\003\272\003\314\003\304\003\267\003\304\003\261\003\302}{section.37}% 23
\BOOKMARK [2][-]{subsection.44}{\376\377\0003\000.\0003\000.\0002\000\040\003\225\003\300\003\271\003\270\003\255\003\303\003\265\003\271\003\302\000\040\003\272\003\261\003\304\003\254\000\040\003\304\003\267\003\302\000\040\000l\000-\003\264\003\271\003\261\003\306\003\277\003\301\003\265\003\304\003\271\003\272\003\314\003\304\003\267\003\304\003\261\003\302}{section.37}% 24
\BOOKMARK [1][-]{section.45}{\376\377\0003\000.\0004\000\040\000t\000-\003\225\003\263\003\263\003\315\003\304\003\267\003\304\003\261}{chapter.23}% 25
\BOOKMARK [1][-]{section.48}{\376\377\0003\000.\0005\000\040\003\225\003\300\003\257\003\270\003\265\003\303\003\267\000\040\003\244\003\277\003\274\003\256\003\302}{chapter.23}% 26
\BOOKMARK [1][-]{section.52}{\376\377\0003\000.\0006\000\040\003\221\003\273\003\263\003\314\003\301\003\271\003\270\003\274\003\277\003\271\000\040\003\223\003\265\003\275\003\257\003\272\003\265\003\305\003\303\003\267\003\302}{chapter.23}% 27
\BOOKMARK [2][-]{subsection.53}{\376\377\0003\000.\0006\000.\0001\000\040\000M\000o\000n\000d\000r\000i\000a\000n}{section.52}% 28
\BOOKMARK [2][-]{subsection.57}{\376\377\0003\000.\0006\000.\0002\000\040\003\243\003\305\003\303\003\304\003\261\003\264\003\277\003\300\003\277\003\257\003\267\003\303\003\267\000\040\000\050\000C\000l\000u\000s\000t\000e\000r\000i\000n\000g\000\051}{section.52}% 29
\BOOKMARK [2][-]{subsection.58}{\376\377\0003\000.\0006\000.\0003\000\040\000\040\000k\000\040\000-\000\040\000O\000P\000T\000I\000M\000I\000Z\000E}{section.52}% 30
\BOOKMARK [0][-]{chapter.60}{\376\377\0004\000\040\003\224\003\271\003\261\003\306\003\277\003\301\003\271\003\272\003\256\000\040\003\231\003\264\003\271\003\311\003\304\003\271\003\272\003\314\003\304\003\267\003\304\003\261}{}% 31
\BOOKMARK [1][-]{section.61}{\376\377\0004\000.\0001\000\040\003\227\000\040\003\255\003\275\003\275\003\277\003\271\003\261\000\040\003\304\003\267\003\302\000\040\003\264\003\271\003\261\003\264\003\301\003\261\003\303\003\304\003\271\003\272\003\314\003\304\003\267\003\304\003\261\003\302}{chapter.60}% 32
\BOOKMARK [1][-]{section.66}{\376\377\0004\000.\0002\000\040\003\230\003\265\003\274\003\265\003\273\003\257\003\311\003\303\003\267}{chapter.60}% 33
\BOOKMARK [2][-]{subsection.72}{\376\377\0004\000.\0002\000.\0001\000\040\003\230\003\265\003\316\003\301\003\267\003\274\003\261\000\040\003\243\003\315\003\275\003\270\003\265\003\303\003\267\003\302}{section.66}% 34
\BOOKMARK [1][-]{section.77}{\376\377\0004\000.\0003\000\040\003\240\003\301\003\277\003\303\003\270\003\256\003\272\003\267\000\040\003\270\003\277\003\301\003\315\003\262\003\277\003\305\000\040\003\272\003\261\003\271\000\040\003\234\003\267\003\307\003\261\003\275\003\271\003\303\003\274\003\277\003\257}{chapter.60}% 35
\BOOKMARK [2][-]{subsection.78}{\376\377\0004\000.\0003\000.\0001\000\040\003\234\003\267\003\307\003\261\003\275\003\271\003\303\003\274\003\314\003\302\000\040\000L\000a\000p\000l\000a\000c\000e}{section.77}% 36
\BOOKMARK [2][-]{subsection.83}{\376\377\0004\000.\0003\000.\0002\000\040\003\225\003\272\003\270\003\265\003\304\003\271\003\272\003\314\003\302\000\040\003\234\003\267\003\307\003\261\003\275\003\271\003\303\003\274\003\314\003\302}{section.77}% 37
\BOOKMARK [2][-]{subsection.88}{\376\377\0004\000.\0003\000.\0003\000\040\003\234\003\267\003\307\003\261\003\275\003\271\003\303\003\274\003\314\003\302\000\040\000G\000a\000u\000s\000s}{section.77}% 38
\BOOKMARK [1][-]{section.91}{\376\377\0004\000.\0004\000\040\003\232\003\261\003\304\003\261\003\303\003\272\003\265\003\305\003\256\000\040\003\303\003\315\003\275\003\270\003\265\003\304\003\311\003\275\000\040\003\234\003\267\003\307\003\261\003\275\003\271\003\303\003\274\003\316\003\275}{chapter.60}% 39
\BOOKMARK [0][-]{chapter.92}{\376\377\0005\000\040\003\225\003\306\003\261\003\301\003\274\003\277\003\263\003\256\000\040\003\221\003\273\003\263\003\277\003\301\003\257\003\270\003\274\003\311\003\275\000\040\003\224\003\271\003\261\003\306\003\277\003\301\003\271\003\272\003\256\003\302\000\040\003\231\003\264\003\271\003\311\003\304\003\271\003\272\003\314\003\304\003\267\003\304\003\261\003\302}{}% 40
\BOOKMARK [1][-]{section.93}{\376\377\0005\000.\0001\000\040\003\245\003\273\003\277\003\300\003\277\003\257\003\267\003\303\003\267}{chapter.92}% 41
\BOOKMARK [1][-]{section.98}{\376\377\0005\000.\0002\000\040\003\225\003\306\003\261\003\301\003\274\003\277\003\263\003\256\000\040\003\272\003\261\003\271\000\040\003\261\003\276\003\271\003\277\003\273\003\314\003\263\003\267\003\303\003\267}{chapter.92}% 42
\BOOKMARK [2][-]{subsection.99}{\376\377\0005\000.\0002\000.\0001\000\040\003\224\003\267\003\274\003\277\003\306\003\271\003\273\003\256\000\040\003\277\003\275\003\314\003\274\003\261\003\304\003\261}{section.98}% 43
\BOOKMARK [2][-]{subsection.101}{\376\377\0005\000.\0002\000.\0002\000\040\003\234\003\255\003\303\003\267\000\040\003\304\003\271\003\274\003\256}{section.98}% 44
\BOOKMARK [2][-]{subsection.103}{\376\377\0005\000.\0002\000.\0003\000\040\003\240\003\273\003\256\003\270\003\277\003\302\000\040\003\244\003\301\003\257\003\304\003\265\003\272\003\275\003\311\003\275}{section.98}% 45
\BOOKMARK [0][-]{chapter.105}{\376\377\0006\000\040\003\243\003\305\003\274\003\300\003\265\003\301\003\254\003\303\003\274\003\261\003\304\003\261\000\040\000-\000\040\003\234\003\265\003\273\003\273\003\277\003\275\003\304\003\271\003\272\003\256\000\040\003\210\003\301\003\265\003\305\003\275\003\261}{}% 46
\BOOKMARK [1][-]{section.106}{\376\377\0006\000.\0001\000\040\003\243\003\315\003\275\003\277\003\310\003\267\000\040\003\272\003\261\003\271\000\040\003\303\003\305\003\274\003\300\003\265\003\301\003\254\003\303\003\274\003\261\003\304\003\261}{chapter.105}% 47
\BOOKMARK [1][-]{section.109}{\376\377\0006\000.\0002\000\040\003\235\003\255\003\265\003\302\000\040\003\304\003\265\003\307\003\275\003\271\003\272\003\255\003\302\000\040\000-\000\040\003\303\003\305\003\275\003\264\003\305\003\261\003\303\003\274\003\277\003\257}{chapter.105}% 48
